# JRE version: Java(TM) SE Runtime Environment (17.0.12+8) (build 17.0.12+8-LTS-286)
# Java VM: Java HotSpot(TM) 64-Bit Server VM (17.0.12+8-LTS-286, mixed mode, sharing, tiered, compressed oops, compressed class ptrs, g1 gc, windows-amd64)
GC Precious Log:
 CPUs: 4 total, 4 available
 Memory: 8156M
 Large Page Support: Disabled
 NUMA Support: Disabled
 Compressed Oops: Enabled (32-bit)
 Heap Region Size: 1M
 Heap Min Capacity: 8M
 Heap Initial Capacity: 128M
 Heap Max Capacity: 2040M
 Pre-touch: Disabled
 Parallel Workers: 4
 Concurrent Workers: 1
 Concurrent Refinement Workers: 4
 Periodic GC: Disabled
Heap:
 garbage-first heap   total 70656K, used 40960K [0x0000000080800000, 0x0000000100000000)
  region size 1024K, 2 young (2048K), 2 survivors (2048K)
 Metaspace       used 44481K, committed 44736K, reserved 1114112K
  class space    used 5319K, committed 5440K, reserved 1048576K
GC Heap History (20 events):
Event: 4.676 GC heap after
{Heap after GC invocations=5 (full 0):
 garbage-first heap   total 58368K, used 18088K [0x0000000080800000, 0x0000000100000000)
  region size 1024K, 3 young (3072K), 3 survivors (3072K)
 Metaspace       used 26399K, committed 26560K, reserved 1114112K
  class space    used 3340K, committed 3392K, reserved 1048576K
}
Event: 4.687 GC heap before
{Heap before GC invocations=5 (full 0):
 garbage-first heap   total 58368K, used 19112K [0x0000000080800000, 0x0000000100000000)
  region size 1024K, 4 young (4096K), 3 survivors (3072K)
 Metaspace       used 26522K, committed 26688K, reserved 1114112K
  class space    used 3356K, committed 3456K, reserved 1048576K
}
Event: 4.692 GC heap after
{Heap after GC invocations=6 (full 0):
 garbage-first heap   total 58368K, used 19143K [0x0000000080800000, 0x0000000100000000)
  region size 1024K, 1 young (1024K), 1 survivors (1024K)
 Metaspace       used 26522K, committed 26688K, reserved 1114112K
  class space    used 3356K, committed 3456K, reserved 1048576K
}
Event: 7.408 GC heap before
{Heap before GC invocations=6 (full 0):
 garbage-first heap   total 58368K, used 41671K [0x0000000080800000, 0x0000000100000000)
  region size 1024K, 24 young (24576K), 1 survivors (1024K)
 Metaspace       used 31064K, committed 31232K, reserved 1114112K
  class space    used 3839K, committed 3904K, reserved 1048576K
}
Event: 7.417 GC heap after
{Heap after GC invocations=7 (full 0):
 garbage-first heap   total 58368K, used 21868K [0x0000000080800000, 0x0000000100000000)
  region size 1024K, 3 young (3072K), 3 survivors (3072K)
 Metaspace       used 31064K, committed 31232K, reserved 1114112K
  class space    used 3839K, committed 3904K, reserved 1048576K
}
Event: 7.719 GC heap before
{Heap before GC invocations=7 (full 0):
 garbage-first heap   total 58368K, used 43372K [0x0000000080800000, 0x0000000100000000)
  region size 1024K, 24 young (24576K), 3 survivors (3072K)
 Metaspace       used 32338K, committed 32512K, reserved 1114112K
  class space    used 3970K, committed 4032K, reserved 1048576K
}
Event: 7.726 GC heap after
{Heap after GC invocations=8 (full 0):
 garbage-first heap   total 58368K, used 23659K [0x0000000080800000, 0x0000000100000000)
  region size 1024K, 2 young (2048K), 2 survivors (2048K)
 Metaspace       used 32338K, committed 32512K, reserved 1114112K
  class space    used 3970K, committed 4032K, reserved 1048576K
}
Event: 8.157 GC heap before
{Heap before GC invocations=8 (full 0):
 garbage-first heap   total 58368K, used 44139K [0x0000000080800000, 0x0000000100000000)
  region size 1024K, 22 young (22528K), 2 survivors (2048K)
 Metaspace       used 33483K, committed 33728K, reserved 1114112K
  class space    used 4092K, committed 4224K, reserved 1048576K
}
Event: 8.160 GC heap after
{Heap after GC invocations=9 (full 0):
 garbage-first heap   total 58368K, used 24436K [0x0000000080800000, 0x0000000100000000)
  region size 1024K, 3 young (3072K), 3 survivors (3072K)
 Metaspace       used 33483K, committed 33728K, reserved 1114112K
  class space    used 4092K, committed 4224K, reserved 1048576K
}
Event: 8.833 GC heap before
{Heap before GC invocations=9 (full 0):
 garbage-first heap   total 58368K, used 38772K [0x0000000080800000, 0x0000000100000000)
  region size 1024K, 16 young (16384K), 3 survivors (3072K)
 Metaspace       used 35717K, committed 35968K, reserved 1114112K
  class space    used 4345K, committed 4480K, reserved 1048576K
}
Event: 8.839 GC heap after
{Heap after GC invocations=10 (full 0):
 garbage-first heap   total 58368K, used 28672K [0x0000000080800000, 0x0000000100000000)
  region size 1024K, 3 young (3072K), 3 survivors (3072K)
 Metaspace       used 35717K, committed 35968K, reserved 1114112K
  class space    used 4345K, committed 4480K, reserved 1048576K
}
Event: 10.955 GC heap before
{Heap before GC invocations=11 (full 0):
 garbage-first heap   total 58368K, used 44032K [0x0000000080800000, 0x0000000100000000)
  region size 1024K, 19 young (19456K), 3 survivors (3072K)
 Metaspace       used 39016K, committed 39232K, reserved 1114112K
  class space    used 4802K, committed 4928K, reserved 1048576K
}
Event: 10.963 GC heap after
{Heap after GC invocations=12 (full 0):
 garbage-first heap   total 58368K, used 31876K [0x0000000080800000, 0x0000000100000000)
  region size 1024K, 3 young (3072K), 3 survivors (3072K)
 Metaspace       used 39016K, committed 39232K, reserved 1114112K
  class space    used 4802K, committed 4928K, reserved 1048576K
}
Event: 12.078 GC heap before
{Heap before GC invocations=13 (full 0):
 garbage-first heap   total 58368K, used 43140K [0x0000000080800000, 0x0000000100000000)
  region size 1024K, 15 young (15360K), 3 survivors (3072K)
 Metaspace       used 41318K, committed 41600K, reserved 1114112K
  class space    used 5023K, committed 5184K, reserved 1048576K
}
Event: 12.086 GC heap after
{Heap after GC invocations=14 (full 0):
 garbage-first heap   total 58368K, used 33683K [0x0000000080800000, 0x0000000100000000)
  region size 1024K, 2 young (2048K), 2 survivors (2048K)
 Metaspace       used 41318K, committed 41600K, reserved 1114112K
  class space    used 5023K, committed 5184K, reserved 1048576K
}
Event: 12.522 GC heap before
{Heap before GC invocations=14 (full 0):
 garbage-first heap   total 58368K, used 44947K [0x0000000080800000, 0x0000000100000000)
  region size 1024K, 13 young (13312K), 2 survivors (2048K)
 Metaspace       used 42662K, committed 42944K, reserved 1114112K
  class space    used 5166K, committed 5312K, reserved 1048576K
}
Event: 12.531 GC heap after
{Heap after GC invocations=15 (full 0):
 garbage-first heap   total 58368K, used 36651K [0x0000000080800000, 0x0000000100000000)
  region size 1024K, 2 young (2048K), 2 survivors (2048K)
 Metaspace       used 42662K, committed 42944K, reserved 1114112K
  class space    used 5166K, committed 5312K, reserved 1048576K
}
Event: 13.274 GC heap before
{Heap before GC invocations=16 (full 0):
 garbage-first heap   total 63488K, used 45867K [0x0000000080800000, 0x0000000100000000)
  region size 1024K, 11 young (11264K), 2 survivors (2048K)
 Metaspace       used 43653K, committed 43968K, reserved 1114112K
  class space    used 5268K, committed 5440K, reserved 1048576K
}
Event: 13.282 GC heap after
{Heap after GC invocations=17 (full 0):
 garbage-first heap   total 63488K, used 38719K [0x0000000080800000, 0x0000000100000000)
  region size 1024K, 2 young (2048K), 2 survivors (2048K)
 Metaspace       used 43653K, committed 43968K, reserved 1114112K
  class space    used 5268K, committed 5440K, reserved 1048576K
}
Event: 14.071 GC heap before
{Heap before GC invocations=17 (full 0):
 garbage-first heap   total 63488K, used 49983K [0x0000000080800000, 0x0000000100000000)
  region size 1024K, 13 young (13312K), 2 survivors (2048K)
 Metaspace       used 44481K, committed 44736K, reserved 1114112K
  class space    used 5319K, committed 5440K, reserved 1048576K
}

