# JRE version: Java(TM) SE Runtime Environment (17.0.12+8) (build 17.0.12+8-LTS-286)
# Java VM: Java HotSpot(TM) 64-Bit Server VM (17.0.12+8-LTS-286, mixed mode, sharing, tiered, compressed oops, compressed class ptrs, g1 gc, windows-amd64)
GC Precious Log:
 CPUs: 4 total, 4 available
 Memory: 8156M
 Large Page Support: Disabled
 NUMA Support: Disabled
 Compressed Oops: Enabled (32-bit)
 Heap Region Size: 1M
 Heap Min Capacity: 8M
 Heap Initial Capacity: 128M
 Heap Max Capacity: 2040M
 Pre-touch: Disabled
 Parallel Workers: 4
 Concurrent Workers: 1
 Concurrent Refinement Workers: 4
 Periodic GC: Disabled
Heap:
 garbage-first heap   total 224256K, used 164353K [0x0000000080800000, 0x0000000100000000)
  region size 1024K, 18 young (18432K), 4 survivors (4096K)
 Metaspace       used 76814K, committed 77120K, reserved 1179648K
  class space    used 8005K, committed 8192K, reserved 1048576K
GC Heap History (20 events):
Event: 41.471 GC heap before
{Heap before GC invocations=45 (full 0):
 garbage-first heap   total 186368K, used 154364K [0x0000000080800000, 0x0000000100000000)
  region size 1024K, 28 young (28672K), 5 survivors (5120K)
 Metaspace       used 67410K, committed 67776K, reserved 1114112K
  class space    used 7243K, committed 7424K, reserved 1048576K
}
Event: 41.485 GC heap after
{Heap after GC invocations=46 (full 0):
 garbage-first heap   total 186368K, used 138015K [0x0000000080800000, 0x0000000100000000)
  region size 1024K, 4 young (4096K), 4 survivors (4096K)
 Metaspace       used 67410K, committed 67776K, reserved 1114112K
  class space    used 7243K, committed 7424K, reserved 1048576K
}
Event: 42.045 GC heap before
{Heap before GC invocations=46 (full 0):
 garbage-first heap   total 186368K, used 154399K [0x0000000080800000, 0x0000000100000000)
  region size 1024K, 20 young (20480K), 4 survivors (4096K)
 Metaspace       used 69065K, committed 69376K, reserved 1114112K
  class space    used 7339K, committed 7488K, reserved 1048576K
}
Event: 42.052 GC heap after
{Heap after GC invocations=47 (full 0):
 garbage-first heap   total 186368K, used 140207K [0x0000000080800000, 0x0000000100000000)
  region size 1024K, 2 young (2048K), 2 survivors (2048K)
 Metaspace       used 69065K, committed 69376K, reserved 1114112K
  class space    used 7339K, committed 7488K, reserved 1048576K
}
Event: 42.440 GC heap before
{Heap before GC invocations=47 (full 0):
 garbage-first heap   total 186368K, used 155567K [0x0000000080800000, 0x0000000100000000)
  region size 1024K, 18 young (18432K), 2 survivors (2048K)
 Metaspace       used 71118K, committed 71424K, reserved 1114112K
  class space    used 7537K, committed 7680K, reserved 1048576K
}
Event: 42.445 GC heap after
{Heap after GC invocations=48 (full 0):
 garbage-first heap   total 186368K, used 140656K [0x0000000080800000, 0x0000000100000000)
  region size 1024K, 2 young (2048K), 2 survivors (2048K)
 Metaspace       used 71118K, committed 71424K, reserved 1114112K
  class space    used 7537K, committed 7680K, reserved 1048576K
}
Event: 42.775 GC heap before
{Heap before GC invocations=48 (full 0):
 garbage-first heap   total 186368K, used 158064K [0x0000000080800000, 0x0000000100000000)
  region size 1024K, 19 young (19456K), 2 survivors (2048K)
 Metaspace       used 73212K, committed 73536K, reserved 1179648K
  class space    used 7726K, committed 7872K, reserved 1048576K
}
Event: 42.780 GC heap after
{Heap after GC invocations=49 (full 0):
 garbage-first heap   total 186368K, used 141721K [0x0000000080800000, 0x0000000100000000)
  region size 1024K, 2 young (2048K), 2 survivors (2048K)
 Metaspace       used 73212K, committed 73536K, reserved 1179648K
  class space    used 7726K, committed 7872K, reserved 1048576K
}
Event: 43.019 GC heap before
{Heap before GC invocations=49 (full 0):
 garbage-first heap   total 186368K, used 159129K [0x0000000080800000, 0x0000000100000000)
  region size 1024K, 19 young (19456K), 2 survivors (2048K)
 Metaspace       used 74294K, committed 74624K, reserved 1179648K
  class space    used 7822K, committed 8000K, reserved 1048576K
}
Event: 43.023 GC heap after
{Heap after GC invocations=50 (full 0):
 garbage-first heap   total 224256K, used 142611K [0x0000000080800000, 0x0000000100000000)
  region size 1024K, 2 young (2048K), 2 survivors (2048K)
 Metaspace       used 74294K, committed 74624K, reserved 1179648K
  class space    used 7822K, committed 8000K, reserved 1048576K
}
Event: 43.575 GC heap before
{Heap before GC invocations=50 (full 0):
 garbage-first heap   total 224256K, used 185619K [0x0000000080800000, 0x0000000100000000)
  region size 1024K, 44 young (45056K), 2 survivors (2048K)
 Metaspace       used 74961K, committed 75264K, reserved 1179648K
  class space    used 7894K, committed 8064K, reserved 1048576K
}
Event: 43.583 GC heap after
{Heap after GC invocations=51 (full 0):
 garbage-first heap   total 224256K, used 145320K [0x0000000080800000, 0x0000000100000000)
  region size 1024K, 5 young (5120K), 5 survivors (5120K)
 Metaspace       used 74961K, committed 75264K, reserved 1179648K
  class space    used 7894K, committed 8064K, reserved 1048576K
}
Event: 44.526 GC heap before
{Heap before GC invocations=51 (full 0):
 garbage-first heap   total 224256K, used 187304K [0x0000000080800000, 0x0000000100000000)
  region size 1024K, 46 young (47104K), 5 survivors (5120K)
 Metaspace       used 75975K, committed 76288K, reserved 1179648K
  class space    used 7957K, committed 8128K, reserved 1048576K
}
Event: 44.535 GC heap after
{Heap after GC invocations=52 (full 0):
 garbage-first heap   total 224256K, used 146783K [0x0000000080800000, 0x0000000100000000)
  region size 1024K, 5 young (5120K), 5 survivors (5120K)
 Metaspace       used 75975K, committed 76288K, reserved 1179648K
  class space    used 7957K, committed 8128K, reserved 1048576K
}
Event: 44.840 GC heap before
{Heap before GC invocations=52 (full 0):
 garbage-first heap   total 224256K, used 188767K [0x0000000080800000, 0x0000000100000000)
  region size 1024K, 46 young (47104K), 5 survivors (5120K)
 Metaspace       used 76197K, committed 76480K, reserved 1179648K
  class space    used 7981K, committed 8128K, reserved 1048576K
}
Event: 44.848 GC heap after
{Heap after GC invocations=53 (full 0):
 garbage-first heap   total 224256K, used 148029K [0x0000000080800000, 0x0000000100000000)
  region size 1024K, 3 young (3072K), 3 survivors (3072K)
 Metaspace       used 76197K, committed 76480K, reserved 1179648K
  class space    used 7981K, committed 8128K, reserved 1048576K
}
Event: 45.367 GC heap before
{Heap before GC invocations=53 (full 0):
 garbage-first heap   total 224256K, used 190013K [0x0000000080800000, 0x0000000100000000)
  region size 1024K, 44 young (45056K), 3 survivors (3072K)
 Metaspace       used 76603K, committed 76864K, reserved 1179648K
  class space    used 7998K, committed 8128K, reserved 1048576K
}
Event: 45.376 GC heap after
{Heap after GC invocations=54 (full 0):
 garbage-first heap   total 224256K, used 149801K [0x0000000080800000, 0x0000000100000000)
  region size 1024K, 5 young (5120K), 5 survivors (5120K)
 Metaspace       used 76603K, committed 76864K, reserved 1179648K
  class space    used 7998K, committed 8128K, reserved 1048576K
}
Event: 45.804 GC heap before
{Heap before GC invocations=54 (full 0):
 garbage-first heap   total 224256K, used 190761K [0x0000000080800000, 0x0000000100000000)
  region size 1024K, 45 young (46080K), 5 survivors (5120K)
 Metaspace       used 76750K, committed 76992K, reserved 1179648K
  class space    used 8000K, committed 8128K, reserved 1048576K
}
Event: 45.816 GC heap after
{Heap after GC invocations=55 (full 0):
 garbage-first heap   total 224256K, used 151041K [0x0000000080800000, 0x0000000100000000)
  region size 1024K, 4 young (4096K), 4 survivors (4096K)
 Metaspace       used 76750K, committed 76992K, reserved 1179648K
  class space    used 8000K, committed 8128K, reserved 1048576K
}

